<?xml version="1.0" encoding="UTF-8"?>
<testng-results ignored="0" total="1" passed="1" failed="0" skipped="0">
  <reporter-output>
  </reporter-output>
  <suite started-at="2019-11-13T10:43:21 IST" name="Default suite" finished-at="2019-11-13T10:43:26 IST" duration-ms="4790">
    <groups>
    </groups>
    <test started-at="2019-11-13T10:43:21 IST" name="Default test" finished-at="2019-11-13T10:43:26 IST" duration-ms="4790">
      <class name="loginpage.Prag1">
        <test-method is-config="true" signature="b()[pri:0, instance:loginpage.Prag1@4612b856]" started-at="2019-11-13T10:43:21 IST" name="b" finished-at="2019-11-13T10:43:21 IST" duration-ms="560" status="PASS">
          <reporter-output>
          </reporter-output>
        </test-method> <!-- b -->
        <test-method signature="TC_1()[pri:0, instance:loginpage.Prag1@4612b856]" started-at="2019-11-13T10:43:21 IST" name="TC_1" finished-at="2019-11-13T10:43:26 IST" duration-ms="4136" status="PASS">
          <reporter-output>
          </reporter-output>
        </test-method> <!-- TC_1 -->
        <test-method is-config="true" signature="b1()[pri:0, instance:loginpage.Prag1@4612b856]" started-at="2019-11-13T10:43:26 IST" name="b1" finished-at="2019-11-13T10:43:26 IST" duration-ms="74" status="PASS">
          <reporter-output>
          </reporter-output>
        </test-method> <!-- b1 -->
      </class> <!-- loginpage.Prag1 -->
    </test> <!-- Default test -->
  </suite> <!-- Default suite -->
</testng-results>
